mode: set
web-analyzer/internal/handler/document_handler.go:17.71,19.2 1 1
web-analyzer/internal/handler/document_handler.go:21.75,25.61 2 1
web-analyzer/internal/handler/document_handler.go:25.61,30.3 2 0
web-analyzer/internal/handler/document_handler.go:32.2,33.16 2 1
web-analyzer/internal/handler/document_handler.go:33.16,37.30 2 1
web-analyzer/internal/handler/document_handler.go:37.30,43.4 3 1
web-analyzer/internal/handler/document_handler.go:45.3,48.9 2 0
web-analyzer/internal/handler/document_handler.go:51.2,51.37 1 1
web-analyzer/internal/handler/document_handler.go:54.66,60.2 3 1
web-analyzer/internal/handler/document_handler.go:62.74,70.2 2 1
web-analyzer/internal/handler/document_handler.go:72.38,74.14 1 1
web-analyzer/internal/handler/document_handler.go:76.30,77.31 1 1
web-analyzer/internal/handler/document_handler.go:85.34,86.31 1 0
web-analyzer/internal/handler/document_handler.go:89.34,90.35 1 1
web-analyzer/internal/handler/document_handler.go:95.27,96.40 1 0
web-analyzer/internal/handler/document_handler.go:98.10,99.40 1 0
web-analyzer/internal/service/fetch_service.go:21.91,27.2 1 1
web-analyzer/internal/service/fetch_service.go:29.107,32.16 3 1
web-analyzer/internal/service/fetch_service.go:32.16,38.3 2 0
web-analyzer/internal/service/fetch_service.go:40.2,41.16 2 1
web-analyzer/internal/service/fetch_service.go:41.16,47.3 2 1
web-analyzer/internal/service/fetch_service.go:48.2,51.16 3 1
web-analyzer/internal/service/fetch_service.go:51.16,58.3 2 0
web-analyzer/internal/service/fetch_service.go:60.2,62.16 3 1
web-analyzer/internal/service/fetch_service.go:62.16,69.3 2 0
web-analyzer/internal/service/fetch_service.go:72.2,72.53 1 1
web-analyzer/internal/service/fetch_service.go:72.53,75.3 1 0
web-analyzer/internal/service/fetch_service.go:76.2,77.16 2 1
web-analyzer/internal/service/fetch_service.go:77.16,84.3 2 0
web-analyzer/internal/service/fetch_service.go:85.2,86.16 2 1
web-analyzer/internal/service/fetch_service.go:86.16,93.3 2 0
web-analyzer/internal/service/fetch_service.go:94.2,95.16 2 1
web-analyzer/internal/service/fetch_service.go:95.16,102.3 2 0
web-analyzer/internal/service/fetch_service.go:103.2,104.17 2 1
web-analyzer/internal/service/html_parser.go:15.71,19.6 2 1
web-analyzer/internal/service/html_parser.go:19.6,22.30 2 1
web-analyzer/internal/service/html_parser.go:22.30,29.52 4 1
web-analyzer/internal/service/html_parser.go:29.52,31.5 1 1
web-analyzer/internal/service/html_parser.go:33.4,33.42 1 0
web-analyzer/internal/service/html_parser.go:33.42,35.5 1 0
web-analyzer/internal/service/html_parser.go:37.4,37.42 1 0
web-analyzer/internal/service/html_parser.go:37.42,39.5 1 0
web-analyzer/internal/service/html_parser.go:41.4,41.42 1 0
web-analyzer/internal/service/html_parser.go:44.3,44.28 1 1
web-analyzer/internal/service/html_parser.go:44.28,48.21 2 1
web-analyzer/internal/service/html_parser.go:48.21,55.5 2 0
web-analyzer/internal/service/html_parser.go:57.4,57.9 1 1
web-analyzer/internal/service/html_parser.go:61.2,63.40 2 1
web-analyzer/internal/service/html_parser.go:66.103,70.26 2 1
web-analyzer/internal/service/html_parser.go:70.26,76.16 3 1
web-analyzer/internal/service/html_parser.go:76.16,81.4 1 1
web-analyzer/internal/service/html_parser.go:84.2,91.29 3 1
web-analyzer/internal/service/link_analyzer.go:26.25,29.22 1 1
web-analyzer/internal/service/link_analyzer.go:29.22,31.3 1 0
web-analyzer/internal/service/link_analyzer.go:33.2,34.16 2 1
web-analyzer/internal/service/link_analyzer.go:34.16,37.3 2 0
web-analyzer/internal/service/link_analyzer.go:39.2,54.61 5 1
web-analyzer/internal/service/link_analyzer.go:54.61,56.14 2 1
web-analyzer/internal/service/link_analyzer.go:56.14,58.4 1 0
web-analyzer/internal/service/link_analyzer.go:60.3,61.17 2 1
web-analyzer/internal/service/link_analyzer.go:61.17,64.4 2 0
web-analyzer/internal/service/link_analyzer.go:66.3,69.33 1 1
web-analyzer/internal/service/link_analyzer.go:69.33,71.4 1 0
web-analyzer/internal/service/link_analyzer.go:73.3,76.32 3 1
web-analyzer/internal/service/link_analyzer.go:76.32,78.4 1 0
web-analyzer/internal/service/link_analyzer.go:79.3,81.39 2 1
web-analyzer/internal/service/link_analyzer.go:81.39,83.4 1 1
web-analyzer/internal/service/link_analyzer.go:83.9,85.4 1 1
web-analyzer/internal/service/link_analyzer.go:87.3,87.30 1 1
web-analyzer/internal/service/link_analyzer.go:92.2,96.25 3 1
web-analyzer/internal/service/link_analyzer.go:96.25,98.21 2 1
web-analyzer/internal/service/link_analyzer.go:98.21,100.11 1 1
web-analyzer/internal/service/link_analyzer.go:101.27,101.27 0 1
web-analyzer/internal/service/link_analyzer.go:102.22,103.21 1 0
web-analyzer/internal/service/link_analyzer.go:105.4,105.17 1 1
web-analyzer/internal/service/link_analyzer.go:105.17,105.26 1 1
web-analyzer/internal/service/link_analyzer.go:108.4,112.18 4 1
web-analyzer/internal/service/link_analyzer.go:112.18,121.5 6 0
web-analyzer/internal/service/link_analyzer.go:123.4,124.18 2 1
web-analyzer/internal/service/link_analyzer.go:124.18,132.5 6 0
web-analyzer/internal/service/link_analyzer.go:134.4,134.30 1 1
web-analyzer/internal/service/link_analyzer.go:134.30,140.5 5 1
web-analyzer/internal/service/link_analyzer.go:142.4,142.24 1 1
web-analyzer/internal/service/link_analyzer.go:142.24,144.5 1 1
web-analyzer/internal/service/link_analyzer.go:145.4,145.14 1 1
web-analyzer/internal/service/link_analyzer.go:151.2,151.33 1 1
web-analyzer/internal/service/link_analyzer.go:151.33,153.83 1 0
web-analyzer/internal/service/link_analyzer.go:153.83,156.4 2 0
web-analyzer/internal/service/link_analyzer.go:158.3,159.67 2 0
web-analyzer/internal/service/link_analyzer.go:162.2,172.8 2 1
web-analyzer/internal/service/link_analyzer.go:175.42,176.17 1 0
web-analyzer/internal/service/link_analyzer.go:176.17,178.3 1 0
web-analyzer/internal/service/link_analyzer.go:179.2,179.24 1 0
web-analyzer/internal/service/login_detector.go:7.46,9.2 1 1
web-analyzer/internal/config/config.go:16.41,19.16 2 0
web-analyzer/internal/config/config.go:19.16,21.3 1 0
web-analyzer/internal/config/config.go:22.2,28.21 4 0
web-analyzer/internal/config/config.go:28.21,32.49 2 0
web-analyzer/internal/config/config.go:32.49,33.12 1 0
web-analyzer/internal/config/config.go:36.3,38.22 2 0
web-analyzer/internal/config/config.go:38.22,42.4 3 0
web-analyzer/internal/config/config.go:45.2,52.17 3 0
web-analyzer/cmd/server/main.go:17.13,20.16 3 0
web-analyzer/cmd/server/main.go:20.16,22.3 1 0
web-analyzer/cmd/server/main.go:24.2,47.12 8 0
web-analyzer/cmd/server/main.go:47.12,50.80 2 0
web-analyzer/cmd/server/main.go:50.80,53.4 2 0
web-analyzer/cmd/server/main.go:57.2,68.53 7 0
web-analyzer/cmd/server/main.go:68.53,70.3 1 0
web-analyzer/cmd/server/main.go:72.2,72.42 1 0
web-analyzer/internal/apierror/api_error.go:8.32,10.2 1 0
web-analyzer/internal/apierror/api_error.go:12.39,17.2 1 0
web-analyzer/internal/middleware/chain.go:5.89,7.45 1 1
web-analyzer/internal/middleware/chain.go:7.45,9.3 1 1
web-analyzer/internal/middleware/chain.go:11.2,11.10 1 1
web-analyzer/internal/middleware/logging.go:9.67,11.46 1 1
web-analyzer/internal/middleware/logging.go:11.46,13.72 1 1
web-analyzer/internal/middleware/logging.go:13.72,25.4 3 1
web-analyzer/internal/middleware/recovery.go:8.68,10.46 1 1
web-analyzer/internal/middleware/recovery.go:10.46,12.72 1 1
web-analyzer/internal/middleware/recovery.go:12.72,14.17 1 1
web-analyzer/internal/middleware/recovery.go:14.17,16.37 1 1
web-analyzer/internal/middleware/recovery.go:16.37,23.6 2 1
web-analyzer/internal/middleware/recovery.go:27.4,27.24 1 1
